{"level":"info","message":"\u001b[0mGET / \u001b[32m200\u001b[0m 6.110 ms - 71\u001b[0m","service":"riskguard-backend","timestamp":"2026-04-14T16:31:56.433Z"}
{"level":"info","message":"\u001b[0mGET /favicon.ico \u001b[33m404\u001b[0m 1.337 ms - 1548\u001b[0m","service":"riskguard-backend","timestamp":"2026-04-14T16:31:56.528Z"}
{"level":"info","message":"\u001b[0mGET /page/login \u001b[33m404\u001b[0m 0.587 ms - 1545\u001b[0m","service":"riskguard-backend","timestamp":"2026-04-14T16:32:18.133Z"}
{"level":"info","message":"\u001b[0mGET /pages/login.html \u001b[33m404\u001b[0m 0.477 ms - 1563\u001b[0m","service":"riskguard-backend","timestamp":"2026-04-14T16:32:31.433Z"}
{"level":"info","message":"\u001b[0mGET / \u001b[36m304\u001b[0m 0.596 ms - -\u001b[0m","service":"riskguard-backend","timestamp":"2026-04-14T16:33:14.635Z"}
{"level":"info","message":"\u001b[0mGET /pages/login.html \u001b[33m404\u001b[0m 0.718 ms - 1563\u001b[0m","service":"riskguard-backend","timestamp":"2026-04-14T16:34:27.640Z"}
{"level":"info","message":"\u001b[0mGET /pages/login.html \u001b[33m404\u001b[0m 0.531 ms - 1563\u001b[0m","service":"riskguard-backend","timestamp":"2026-04-14T16:34:29.730Z"}
{"level":"info","message":"\u001b[0mGET /pages/login.html \u001b[33m404\u001b[0m 0.475 ms - 1563\u001b[0m","service":"riskguard-backend","timestamp":"2026-04-14T16:34:30.618Z"}
{"level":"info","message":"\u001b[0mGET /pages/login.html \u001b[33m404\u001b[0m 0.635 ms - 1563\u001b[0m","service":"riskguard-backend","timestamp":"2026-04-14T16:34:30.833Z"}
{"level":"info","message":"\u001b[0mGET /pages/login.html \u001b[33m404\u001b[0m 0.810 ms - 1563\u001b[0m","service":"riskguard-backend","timestamp":"2026-04-14T16:34:31.591Z"}
{"level":"info","message":"\u001b[0mGET /pages/login.html \u001b[33m404\u001b[0m 0.510 ms - 1563\u001b[0m","service":"riskguard-backend","timestamp":"2026-04-14T16:35:10.817Z"}
{"level":"info","message":"\u001b[0mGET /pages/login.html \u001b[33m404\u001b[0m 0.579 ms - 1563\u001b[0m","service":"riskguard-backend","timestamp":"2026-04-14T16:36:00.272Z"}
{"level":"info","message":"\u001b[0mGET /pages/login.html \u001b[33m404\u001b[0m 0.663 ms - 1563\u001b[0m","service":"riskguard-backend","timestamp":"2026-04-14T16:39:18.409Z"}
{"level":"info","message":"\u001b[0mGET /pages/login.html \u001b[33m404\u001b[0m 0.501 ms - 1563\u001b[0m","service":"riskguard-backend","timestamp":"2026-04-14T16:39:19.287Z"}
{"level":"info","message":"\u001b[0mGET /pages/login.html \u001b[33m404\u001b[0m 0.389 ms - 1563\u001b[0m","service":"riskguard-backend","timestamp":"2026-04-14T16:39:19.877Z"}
{"level":"info","message":"\u001b[0mGET /.well-known/appspecific/com.chrome.devtools.json \u001b[33m404\u001b[0m 0.773 ms - 1659\u001b[0m","service":"riskguard-backend","timestamp":"2026-04-14T16:39:23.797Z"}
{"level":"info","message":"\u001b[0mGET /.well-known/appspecific/com.chrome.devtools.json \u001b[33m404\u001b[0m 4.831 ms - 1659\u001b[0m","service":"riskguard-backend","timestamp":"2026-04-14T16:43:42.790Z"}
{"level":"info","message":"\u001b[0mGET /.well-known/appspecific/com.chrome.devtools.json \u001b[33m404\u001b[0m 0.610 ms - 1659\u001b[0m","service":"riskguard-backend","timestamp":"2026-04-14T16:44:17.721Z"}
{"level":"info","message":"\u001b[0mPOST /api/v1/auth/login \u001b[32m200\u001b[0m 331.397 ms - 325\u001b[0m","service":"riskguard-backend","timestamp":"2026-04-14T16:45:41.057Z"}
{"level":"info","message":"\u001b[0mGET /api/v1/projects \u001b[33m401\u001b[0m 2.907 ms - 1578\u001b[0m","service":"riskguard-backend","timestamp":"2026-04-14T16:45:41.164Z"}
{"level":"info","message":"\u001b[0mGET /.well-known/appspecific/com.chrome.devtools.json \u001b[33m404\u001b[0m 1.216 ms - 1659\u001b[0m","service":"riskguard-backend","timestamp":"2026-04-14T16:45:48.214Z"}
{"level":"info","message":"\u001b[0mPOST /api/v1/auth/login \u001b[32m200\u001b[0m 198.261 ms - 325\u001b[0m","service":"riskguard-backend","timestamp":"2026-04-14T16:46:51.040Z"}
{"level":"info","message":"\u001b[0mGET /api/v1/projects \u001b[33m401\u001b[0m 1.135 ms - 1578\u001b[0m","service":"riskguard-backend","timestamp":"2026-04-14T16:46:51.148Z"}
{"level":"info","message":"\u001b[0mGET /.well-known/appspecific/com.chrome.devtools.json \u001b[33m404\u001b[0m 0.790 ms - 1659\u001b[0m","service":"riskguard-backend","timestamp":"2026-04-14T16:46:51.152Z"}
{"level":"info","message":"\u001b[0mGET /.well-known/appspecific/com.chrome.devtools.json \u001b[33m404\u001b[0m 0.725 ms - 1659\u001b[0m","service":"riskguard-backend","timestamp":"2026-04-14T16:46:51.325Z"}
{"level":"info","message":"\u001b[0mGET /.well-known/appspecific/com.chrome.devtools.json \u001b[33m404\u001b[0m 5.210 ms - 1659\u001b[0m","service":"riskguard-backend","timestamp":"2026-04-14T16:52:12.799Z"}
{"level":"info","message":"\u001b[0mPOST /api/v1/auth/login \u001b[32m200\u001b[0m 334.192 ms - 325\u001b[0m","service":"riskguard-backend","timestamp":"2026-04-14T16:52:24.000Z"}
{"level":"info","message":"\u001b[0mGET /.well-known/appspecific/com.chrome.devtools.json \u001b[33m404\u001b[0m 0.968 ms - 1659\u001b[0m","service":"riskguard-backend","timestamp":"2026-04-14T16:52:24.084Z"}
{"level":"info","message":"\u001b[0mGET /api/v1/projects \u001b[33m401\u001b[0m 2.248 ms - 1578\u001b[0m","service":"riskguard-backend","timestamp":"2026-04-14T16:52:24.163Z"}
{"level":"info","message":"\u001b[0mGET /.well-known/appspecific/com.chrome.devtools.json \u001b[33m404\u001b[0m 0.666 ms - 1659\u001b[0m","service":"riskguard-backend","timestamp":"2026-04-14T16:52:24.282Z"}
{"level":"info","message":"\u001b[0mGET /.well-known/appspecific/com.chrome.devtools.json \u001b[33m404\u001b[0m 4.300 ms - 1659\u001b[0m","service":"riskguard-backend","timestamp":"2026-04-14T16:54:12.324Z"}
{"level":"info","message":"\u001b[0mGET /.well-known/appspecific/com.chrome.devtools.json \u001b[33m404\u001b[0m 1.303 ms - 1659\u001b[0m","service":"riskguard-backend","timestamp":"2026-04-14T16:54:13.404Z"}
{"level":"info","message":"\u001b[0mPOST /api/v1/auth/login \u001b[32m200\u001b[0m 259.857 ms - 325\u001b[0m","service":"riskguard-backend","timestamp":"2026-04-14T16:54:20.532Z"}
{"level":"info","message":"\u001b[0mGET /.well-known/appspecific/com.chrome.devtools.json \u001b[33m404\u001b[0m 0.816 ms - 1659\u001b[0m","service":"riskguard-backend","timestamp":"2026-04-14T16:54:20.606Z"}
{"level":"info","message":"\u001b[0mGET /api/v1/projects \u001b[33m401\u001b[0m 2.279 ms - 1578\u001b[0m","service":"riskguard-backend","timestamp":"2026-04-14T16:54:20.668Z"}
{"level":"info","message":"\u001b[0mGET /.well-known/appspecific/com.chrome.devtools.json \u001b[33m404\u001b[0m 0.648 ms - 1659\u001b[0m","service":"riskguard-backend","timestamp":"2026-04-14T16:54:20.764Z"}
{"level":"info","message":"\u001b[0mGET /.well-known/appspecific/com.chrome.devtools.json \u001b[33m404\u001b[0m 3.380 ms - 1659\u001b[0m","service":"riskguard-backend","timestamp":"2026-04-14T16:56:29.322Z"}
{"level":"info","message":"\u001b[0mPOST /api/v1/auth/login \u001b[32m200\u001b[0m 283.723 ms - 325\u001b[0m","service":"riskguard-backend","timestamp":"2026-04-14T16:56:48.626Z"}
{"level":"info","message":"\u001b[0mGET /.well-known/appspecific/com.chrome.devtools.json \u001b[33m404\u001b[0m 5.236 ms - 1659\u001b[0m","service":"riskguard-backend","timestamp":"2026-04-14T16:57:19.525Z"}
{"level":"info","message":"\u001b[0mGET /api/v1/projects \u001b[33m401\u001b[0m 2.155 ms - 1578\u001b[0m","service":"riskguard-backend","timestamp":"2026-04-14T16:57:19.589Z"}
{"level":"info","message":"\u001b[0mGET /.well-known/appspecific/com.chrome.devtools.json \u001b[33m404\u001b[0m 2.747 ms - 1659\u001b[0m","service":"riskguard-backend","timestamp":"2026-04-14T16:57:19.700Z"}
{"level":"info","message":"\u001b[0mGET /favicon.ico \u001b[33m404\u001b[0m 2.716 ms - 1548\u001b[0m","service":"riskguard-backend","timestamp":"2026-04-14T17:29:33.343Z"}
{"level":"info","message":"\u001b[0mGET /.well-known/appspecific/com.chrome.devtools.json \u001b[33m404\u001b[0m 0.619 ms - 1659\u001b[0m","service":"riskguard-backend","timestamp":"2026-04-14T17:29:47.414Z"}
{"level":"info","message":"\u001b[0mGET /.well-known/appspecific/com.chrome.devtools.json \u001b[33m404\u001b[0m 4.482 ms - 1659\u001b[0m","service":"riskguard-backend","timestamp":"2026-04-14T17:31:35.556Z"}
{"level":"info","message":"\u001b[0mPOST /api/v1/auth/login \u001b[32m200\u001b[0m 191.263 ms - 325\u001b[0m","service":"riskguard-backend","timestamp":"2026-04-14T17:31:44.941Z"}
{"level":"info","message":"\u001b[0mGET /.well-known/appspecific/com.chrome.devtools.json \u001b[33m404\u001b[0m 0.638 ms - 1659\u001b[0m","service":"riskguard-backend","timestamp":"2026-04-14T17:31:44.997Z"}
{"level":"info","message":"\u001b[0mGET /api/v1/projects \u001b[32m200\u001b[0m 101.994 ms - 132\u001b[0m","service":"riskguard-backend","timestamp":"2026-04-14T17:31:45.158Z"}
{"level":"info","message":"\u001b[0mGET /.well-known/appspecific/com.chrome.devtools.json \u001b[33m404\u001b[0m 1.217 ms - 1659\u001b[0m","service":"riskguard-backend","timestamp":"2026-04-14T17:31:50.321Z"}
{"level":"info","message":"\u001b[0mGET /api/v1/risks \u001b[32m200\u001b[0m 129.500 ms - 36\u001b[0m","service":"riskguard-backend","timestamp":"2026-04-14T17:31:50.562Z"}
{"level":"info","message":"\u001b[0mGET /.well-known/appspecific/com.chrome.devtools.json \u001b[33m404\u001b[0m 0.752 ms - 1659\u001b[0m","service":"riskguard-backend","timestamp":"2026-04-14T17:31:57.459Z"}
{"level":"info","message":"\u001b[0mGET /api/v1/projects \u001b[36m304\u001b[0m 228.332 ms - -\u001b[0m","service":"riskguard-backend","timestamp":"2026-04-14T17:31:57.725Z"}
{"level":"info","message":"\u001b[0mPOST /api/v1/projects \u001b[32m201\u001b[0m 104.633 ms - 334\u001b[0m","service":"riskguard-backend","timestamp":"2026-04-14T17:32:12.107Z"}
{"level":"info","message":"\u001b[0mGET /api/v1/projects \u001b[32m200\u001b[0m 81.448 ms - 401\u001b[0m","service":"riskguard-backend","timestamp":"2026-04-14T17:32:12.195Z"}
{"level":"info","message":"\u001b[0mGET /.well-known/appspecific/com.chrome.devtools.json \u001b[33m404\u001b[0m 0.507 ms - 1659\u001b[0m","service":"riskguard-backend","timestamp":"2026-04-14T17:34:50.088Z"}
{"level":"info","message":"\u001b[0mGET /api/v1/projects \u001b[36m304\u001b[0m 86.877 ms - -\u001b[0m","service":"riskguard-backend","timestamp":"2026-04-14T17:34:50.252Z"}
{"level":"info","message":"\u001b[0mGET /.well-known/appspecific/com.chrome.devtools.json \u001b[33m404\u001b[0m 1.058 ms - 1659\u001b[0m","service":"riskguard-backend","timestamp":"2026-04-14T17:35:03.208Z"}
{"level":"info","message":"\u001b[0mGET /api/v1/risks \u001b[36m304\u001b[0m 114.066 ms - -\u001b[0m","service":"riskguard-backend","timestamp":"2026-04-14T17:35:03.397Z"}
{"level":"info","message":"\u001b[0mGET /.well-known/appspecific/com.chrome.devtools.json \u001b[33m404\u001b[0m 0.457 ms - 1659\u001b[0m","service":"riskguard-backend","timestamp":"2026-04-14T17:35:08.010Z"}
{"level":"info","message":"\u001b[0mGET /api/v1/projects \u001b[36m304\u001b[0m 74.036 ms - -\u001b[0m","service":"riskguard-backend","timestamp":"2026-04-14T17:35:08.111Z"}
{"level":"info","message":"\u001b[0mGET /.well-known/appspecific/com.chrome.devtools.json \u001b[33m404\u001b[0m 0.537 ms - 1659\u001b[0m","service":"riskguard-backend","timestamp":"2026-04-14T17:36:27.350Z"}
{"level":"info","message":"\u001b[0mGET /api/v1/projects \u001b[36m304\u001b[0m 169.291 ms - -\u001b[0m","service":"riskguard-backend","timestamp":"2026-04-14T17:36:27.561Z"}
{"level":"info","message":"\u001b[0mGET /api/v1/projects/69de7a1cc748f34ddf1fc39e/risks \u001b[32m200\u001b[0m 299.299 ms - 137\u001b[0m","service":"riskguard-backend","timestamp":"2026-04-14T17:36:27.868Z"}
{"level":"info","message":"\u001b[0mGET /.well-known/appspecific/com.chrome.devtools.json \u001b[33m404\u001b[0m 0.720 ms - 1659\u001b[0m","service":"riskguard-backend","timestamp":"2026-04-14T17:36:32.809Z"}
{"level":"info","message":"\u001b[0mGET /api/v1/risks \u001b[36m304\u001b[0m 335.908 ms - -\u001b[0m","service":"riskguard-backend","timestamp":"2026-04-14T17:36:33.200Z"}
{"level":"info","message":"\u001b[0mGET /.well-known/appspecific/com.chrome.devtools.json \u001b[33m404\u001b[0m 0.598 ms - 1659\u001b[0m","service":"riskguard-backend","timestamp":"2026-04-14T17:36:37.496Z"}
{"level":"info","message":"\u001b[0mGET /api/v1/risks \u001b[36m304\u001b[0m 143.720 ms - -\u001b[0m","service":"riskguard-backend","timestamp":"2026-04-14T17:36:37.677Z"}
{"level":"info","message":"\u001b[0mGET /.well-known/appspecific/com.chrome.devtools.json \u001b[33m404\u001b[0m 0.363 ms - 1659\u001b[0m","service":"riskguard-backend","timestamp":"2026-04-14T17:36:39.559Z"}
{"level":"info","message":"\u001b[0mGET /api/v1/projects \u001b[36m304\u001b[0m 131.314 ms - -\u001b[0m","service":"riskguard-backend","timestamp":"2026-04-14T17:36:39.722Z"}
{"level":"info","message":"\u001b[0mGET /api/v1/projects/69de7a1cc748f34ddf1fc39e/risks \u001b[36m304\u001b[0m 170.891 ms - -\u001b[0m","service":"riskguard-backend","timestamp":"2026-04-14T17:36:39.902Z"}
{"level":"info","message":"\u001b[0mPUT /api/v1/projects/69de7a1cc748f34ddf1fc39e \u001b[32m200\u001b[0m 161.388 ms - 341\u001b[0m","service":"riskguard-backend","timestamp":"2026-04-14T17:36:51.168Z"}
{"level":"info","message":"\u001b[0mGET /api/v1/projects \u001b[32m200\u001b[0m 114.271 ms - 408\u001b[0m","service":"riskguard-backend","timestamp":"2026-04-14T17:36:51.291Z"}
{"level":"info","message":"\u001b[0mGET /api/v1/projects/69de7a1cc748f34ddf1fc39e/risks \u001b[36m304\u001b[0m 150.662 ms - -\u001b[0m","service":"riskguard-backend","timestamp":"2026-04-14T17:36:51.447Z"}
{"level":"info","message":"\u001b[0mGET /.well-known/appspecific/com.chrome.devtools.json \u001b[33m404\u001b[0m 0.721 ms - 1659\u001b[0m","service":"riskguard-backend","timestamp":"2026-04-14T17:36:55.025Z"}
{"level":"info","message":"\u001b[0mGET /api/v1/projects \u001b[36m304\u001b[0m 91.558 ms - -\u001b[0m","service":"riskguard-backend","timestamp":"2026-04-14T17:36:55.159Z"}
{"level":"info","message":"\u001b[0mGET /api/v1/projects/69de7a1cc748f34ddf1fc39e/risks \u001b[36m304\u001b[0m 166.115 ms - -\u001b[0m","service":"riskguard-backend","timestamp":"2026-04-14T17:36:55.330Z"}
{"level":"info","message":"\u001b[0mGET /.well-known/appspecific/com.chrome.devtools.json \u001b[33m404\u001b[0m 0.670 ms - 1659\u001b[0m","service":"riskguard-backend","timestamp":"2026-04-14T17:37:08.263Z"}
{"level":"info","message":"\u001b[0mGET /api/v1/projects \u001b[36m304\u001b[0m 79.981 ms - -\u001b[0m","service":"riskguard-backend","timestamp":"2026-04-14T17:37:08.369Z"}
{"level":"info","message":"\u001b[0mGET /api/v1/projects/69de7a1cc748f34ddf1fc39e/risks \u001b[36m304\u001b[0m 139.018 ms - -\u001b[0m","service":"riskguard-backend","timestamp":"2026-04-14T17:37:08.514Z"}
{"level":"info","message":"\u001b[0mDELETE /api/v1/projects/69de7a1cc748f34ddf1fc39e \u001b[32m200\u001b[0m 229.461 ms - 67\u001b[0m","service":"riskguard-backend","timestamp":"2026-04-14T17:37:12.698Z"}
{"level":"info","message":"\u001b[0mGET /api/v1/projects \u001b[32m200\u001b[0m 108.731 ms - 132\u001b[0m","service":"riskguard-backend","timestamp":"2026-04-14T17:37:12.812Z"}
{"level":"info","message":"\u001b[0mGET /.well-known/appspecific/com.chrome.devtools.json \u001b[33m404\u001b[0m 0.403 ms - 1659\u001b[0m","service":"riskguard-backend","timestamp":"2026-04-14T17:37:14.840Z"}
{"level":"info","message":"\u001b[0mGET /api/v1/risks \u001b[36m304\u001b[0m 172.047 ms - -\u001b[0m","service":"riskguard-backend","timestamp":"2026-04-14T17:37:15.054Z"}
{"level":"info","message":"\u001b[0mGET /.well-known/appspecific/com.chrome.devtools.json \u001b[33m404\u001b[0m 0.404 ms - 1659\u001b[0m","service":"riskguard-backend","timestamp":"2026-04-14T17:37:18.075Z"}
{"level":"info","message":"\u001b[0mGET /.well-known/appspecific/com.chrome.devtools.json \u001b[33m404\u001b[0m 0.384 ms - 1659\u001b[0m","service":"riskguard-backend","timestamp":"2026-04-14T17:37:19.100Z"}
{"level":"info","message":"\u001b[0mGET /api/v1/projects \u001b[36m304\u001b[0m 102.985 ms - -\u001b[0m","service":"riskguard-backend","timestamp":"2026-04-14T17:37:19.239Z"}
{"level":"info","message":"\u001b[0mGET /.well-known/appspecific/com.chrome.devtools.json \u001b[33m404\u001b[0m 3.835 ms - 1659\u001b[0m","service":"riskguard-backend","timestamp":"2026-04-14T17:37:33.361Z"}
{"level":"info","message":"\u001b[0mGET /api/v1/projects \u001b[36m304\u001b[0m 121.282 ms - -\u001b[0m","service":"riskguard-backend","timestamp":"2026-04-14T17:37:33.524Z"}
{"level":"info","message":"\u001b[0mGET /.well-known/appspecific/com.chrome.devtools.json \u001b[33m404\u001b[0m 0.646 ms - 1659\u001b[0m","service":"riskguard-backend","timestamp":"2026-04-14T17:39:05.865Z"}
{"level":"info","message":"\u001b[0mGET /api/v1/projects \u001b[36m304\u001b[0m 97.334 ms - -\u001b[0m","service":"riskguard-backend","timestamp":"2026-04-14T17:39:05.990Z"}
{"level":"info","message":"\u001b[0mPOST /api/v1/projects \u001b[32m201\u001b[0m 260.596 ms - 334\u001b[0m","service":"riskguard-backend","timestamp":"2026-04-14T17:39:25.245Z"}
{"level":"info","message":"\u001b[0mGET /api/v1/projects \u001b[32m200\u001b[0m 145.615 ms - 401\u001b[0m","service":"riskguard-backend","timestamp":"2026-04-14T17:39:25.399Z"}
{"level":"info","message":"\u001b[0mGET /api/v1/projects/69de7bcda35aa4730b3bc3a4/risks \u001b[32m200\u001b[0m 239.513 ms - 137\u001b[0m","service":"riskguard-backend","timestamp":"2026-04-14T17:39:25.652Z"}
{"level":"info","message":"\u001b[0mGET /.well-known/appspecific/com.chrome.devtools.json \u001b[33m404\u001b[0m 0.409 ms - 1659\u001b[0m","service":"riskguard-backend","timestamp":"2026-04-14T17:39:29.075Z"}
{"level":"info","message":"\u001b[0mGET /api/v1/projects \u001b[36m304\u001b[0m 177.432 ms - -\u001b[0m","service":"riskguard-backend","timestamp":"2026-04-14T17:39:29.293Z"}
{"level":"info","message":"\u001b[0mGET /api/v1/projects/69de7bcda35aa4730b3bc3a4/risks \u001b[36m304\u001b[0m 135.224 ms - -\u001b[0m","service":"riskguard-backend","timestamp":"2026-04-14T17:39:29.436Z"}
{"level":"info","message":"\u001b[0mGET /.well-known/appspecific/com.chrome.devtools.json \u001b[33m404\u001b[0m 0.516 ms - 1659\u001b[0m","service":"riskguard-backend","timestamp":"2026-04-14T17:39:35.123Z"}
{"level":"info","message":"\u001b[0mGET /.well-known/appspecific/com.chrome.devtools.json \u001b[33m404\u001b[0m 1.072 ms - 1659\u001b[0m","service":"riskguard-backend","timestamp":"2026-04-14T17:41:43.983Z"}
{"level":"info","message":"\u001b[0mPOST /api/v1/auth/login \u001b[32m200\u001b[0m 260.263 ms - 325\u001b[0m","service":"riskguard-backend","timestamp":"2026-04-14T17:41:50.973Z"}
{"level":"info","message":"\u001b[0mGET /.well-known/appspecific/com.chrome.devtools.json \u001b[33m404\u001b[0m 0.773 ms - 1659\u001b[0m","service":"riskguard-backend","timestamp":"2026-04-14T17:41:51.026Z"}
{"level":"info","message":"\u001b[0mGET /api/v1/projects \u001b[36m304\u001b[0m 91.258 ms - -\u001b[0m","service":"riskguard-backend","timestamp":"2026-04-14T17:41:51.159Z"}
{"level":"info","message":"\u001b[0mGET /api/v1/projects/69de7bcda35aa4730b3bc3a4/risks \u001b[36m304\u001b[0m 193.255 ms - -\u001b[0m","service":"riskguard-backend","timestamp":"2026-04-14T17:41:51.361Z"}
{"level":"info","message":"\u001b[0mPUT /api/v1/projects/69de7bcda35aa4730b3bc3a4 \u001b[32m200\u001b[0m 281.400 ms - 346\u001b[0m","service":"riskguard-backend","timestamp":"2026-04-14T17:41:59.861Z"}
{"level":"info","message":"\u001b[0mGET /api/v1/projects \u001b[32m200\u001b[0m 196.970 ms - 413\u001b[0m","service":"riskguard-backend","timestamp":"2026-04-14T17:42:00.065Z"}
{"level":"info","message":"\u001b[0mGET /api/v1/projects/69de7bcda35aa4730b3bc3a4/risks \u001b[36m304\u001b[0m 300.772 ms - -\u001b[0m","service":"riskguard-backend","timestamp":"2026-04-14T17:42:00.373Z"}
{"level":"info","message":"\u001b[0mGET /.well-known/appspecific/com.chrome.devtools.json \u001b[33m404\u001b[0m 0.516 ms - 1659\u001b[0m","service":"riskguard-backend","timestamp":"2026-04-14T17:42:45.908Z"}
{"level":"info","message":"\u001b[0mGET /api/v1/projects \u001b[36m304\u001b[0m 118.674 ms - -\u001b[0m","service":"riskguard-backend","timestamp":"2026-04-14T17:42:46.056Z"}
{"level":"info","message":"\u001b[0mGET /api/v1/projects/69de7bcda35aa4730b3bc3a4/risks \u001b[36m304\u001b[0m 295.035 ms - -\u001b[0m","service":"riskguard-backend","timestamp":"2026-04-14T17:42:46.357Z"}
{"level":"info","message":"\u001b[0mGET /.well-known/appspecific/com.chrome.devtools.json \u001b[33m404\u001b[0m 0.655 ms - 1659\u001b[0m","service":"riskguard-backend","timestamp":"2026-04-14T17:43:03.582Z"}
{"level":"info","message":"\u001b[0mGET /api/v1/risks \u001b[36m304\u001b[0m 214.936 ms - -\u001b[0m","service":"riskguard-backend","timestamp":"2026-04-14T17:43:03.867Z"}
{"level":"info","message":"\u001b[0mGET /.well-known/appspecific/com.chrome.devtools.json \u001b[33m404\u001b[0m 1.375 ms - 1659\u001b[0m","service":"riskguard-backend","timestamp":"2026-04-14T17:43:16.205Z"}
{"level":"info","message":"\u001b[0mGET /api/v1/projects \u001b[36m304\u001b[0m 262.450 ms - -\u001b[0m","service":"riskguard-backend","timestamp":"2026-04-14T17:43:16.566Z"}
{"level":"info","message":"\u001b[0mGET /api/v1/projects/69de7bcda35aa4730b3bc3a4/risks \u001b[36m304\u001b[0m 296.837 ms - -\u001b[0m","service":"riskguard-backend","timestamp":"2026-04-14T17:43:16.873Z"}
{"level":"info","message":"\u001b[0mGET /.well-known/appspecific/com.chrome.devtools.json \u001b[33m404\u001b[0m 0.464 ms - 1659\u001b[0m","service":"riskguard-backend","timestamp":"2026-04-14T17:43:20.737Z"}
{"level":"info","message":"\u001b[0mGET /api/v1/projects/69de7bcda35aa4730b3bc3a4 \u001b[32m200\u001b[0m 182.227 ms - 346\u001b[0m","service":"riskguard-backend","timestamp":"2026-04-14T17:43:20.969Z"}
{"level":"info","message":"\u001b[0mGET /api/v1/projects/69de7bcda35aa4730b3bc3a4/risks \u001b[36m304\u001b[0m 253.973 ms - -\u001b[0m","service":"riskguard-backend","timestamp":"2026-04-14T17:43:21.234Z"}
{"level":"info","message":"\u001b[0mGET /api/v1/risks \u001b[36m304\u001b[0m 363.878 ms - -\u001b[0m","service":"riskguard-backend","timestamp":"2026-04-14T17:43:36.027Z"}
{"level":"info","message":"\u001b[0mGET /api/v1/risks \u001b[36m304\u001b[0m 317.941 ms - -\u001b[0m","service":"riskguard-backend","timestamp":"2026-04-14T17:43:39.306Z"}
{"level":"info","message":"\u001b[0mGET /api/v1/projects \u001b[36m304\u001b[0m 258.255 ms - -\u001b[0m","service":"riskguard-backend","timestamp":"2026-04-14T17:43:42.172Z"}
{"level":"info","message":"\u001b[0mGET /api/v1/projects/69de7bcda35aa4730b3bc3a4/risks \u001b[36m304\u001b[0m 253.264 ms - -\u001b[0m","service":"riskguard-backend","timestamp":"2026-04-14T17:43:42.432Z"}
{"level":"info","message":"\u001b[0mGET /api/v1/projects/69de7bcda35aa4730b3bc3a4 \u001b[36m304\u001b[0m 142.298 ms - -\u001b[0m","service":"riskguard-backend","timestamp":"2026-04-14T17:43:44.323Z"}
{"level":"info","message":"\u001b[0mGET /api/v1/projects/69de7bcda35aa4730b3bc3a4/risks \u001b[36m304\u001b[0m 301.365 ms - -\u001b[0m","service":"riskguard-backend","timestamp":"2026-04-14T17:43:44.630Z"}
{"level":"info","message":"\u001b[0mGET /api/v1/projects/69de7bcda35aa4730b3bc3a4 \u001b[36m304\u001b[0m 141.178 ms - -\u001b[0m","service":"riskguard-backend","timestamp":"2026-04-14T17:51:32.190Z"}
{"level":"info","message":"\u001b[0mGET /api/v1/projects/69de7bcda35aa4730b3bc3a4/risks \u001b[36m304\u001b[0m 196.921 ms - -\u001b[0m","service":"riskguard-backend","timestamp":"2026-04-14T17:51:32.391Z"}
{"level":"info","message":"\u001b[0mGET /api/v1/risks \u001b[36m304\u001b[0m 308.340 ms - -\u001b[0m","service":"riskguard-backend","timestamp":"2026-04-14T17:51:37.938Z"}
{"level":"info","message":"\u001b[0mGET /api/v1/risks \u001b[36m304\u001b[0m 262.412 ms - -\u001b[0m","service":"riskguard-backend","timestamp":"2026-04-14T17:51:45.414Z"}
{"level":"info","message":"\u001b[0mGET /api/v1/projects \u001b[36m304\u001b[0m 91.588 ms - -\u001b[0m","service":"riskguard-backend","timestamp":"2026-04-14T17:51:57.894Z"}
{"level":"info","message":"\u001b[0mGET /api/v1/projects/69de7bcda35aa4730b3bc3a4/risks \u001b[36m304\u001b[0m 212.106 ms - -\u001b[0m","service":"riskguard-backend","timestamp":"2026-04-14T17:51:58.111Z"}
{"level":"info","message":"\u001b[0mGET /api/v1/projects/69de7bcda35aa4730b3bc3a4 \u001b[36m304\u001b[0m 168.729 ms - -\u001b[0m","service":"riskguard-backend","timestamp":"2026-04-14T17:52:03.539Z"}
{"level":"info","message":"\u001b[0mGET /api/v1/projects/69de7bcda35aa4730b3bc3a4/risks \u001b[36m304\u001b[0m 301.792 ms - -\u001b[0m","service":"riskguard-backend","timestamp":"2026-04-14T17:52:03.846Z"}
{"level":"info","message":"\u001b[0mGET /api/v1/projects/69de7bcda35aa4730b3bc3a4 \u001b[36m304\u001b[0m 152.703 ms - -\u001b[0m","service":"riskguard-backend","timestamp":"2026-04-14T17:55:26.086Z"}
{"level":"info","message":"\u001b[0mGET /api/v1/projects/69de7bcda35aa4730b3bc3a4/risks \u001b[36m304\u001b[0m 301.716 ms - -\u001b[0m","service":"riskguard-backend","timestamp":"2026-04-14T17:55:26.393Z"}
{"level":"info","message":"\u001b[0mGET /.well-known/appspecific/com.chrome.devtools.json \u001b[33m404\u001b[0m 1.535 ms - 1659\u001b[0m","service":"riskguard-backend","timestamp":"2026-04-14T17:55:28.881Z"}
{"level":"info","message":"\u001b[0mGET /.well-known/appspecific/com.chrome.devtools.json \u001b[33m404\u001b[0m 0.726 ms - 1659\u001b[0m","service":"riskguard-backend","timestamp":"2026-04-14T17:58:57.862Z"}
{"level":"info","message":"\u001b[0mGET /.well-known/appspecific/com.chrome.devtools.json \u001b[33m404\u001b[0m 0.536 ms - 1659\u001b[0m","service":"riskguard-backend","timestamp":"2026-04-14T17:59:00.111Z"}
{"level":"info","message":"\u001b[0mPOST /api/v1/auth/register \u001b[32m201\u001b[0m 240.122 ms - 327\u001b[0m","service":"riskguard-backend","timestamp":"2026-04-14T17:59:15.268Z"}
{"level":"info","message":"\u001b[0mGET /.well-known/appspecific/com.chrome.devtools.json \u001b[33m404\u001b[0m 0.548 ms - 1659\u001b[0m","service":"riskguard-backend","timestamp":"2026-04-14T17:59:15.319Z"}
{"level":"info","message":"\u001b[0mGET /api/v1/projects \u001b[32m200\u001b[0m 80.459 ms - 132\u001b[0m","service":"riskguard-backend","timestamp":"2026-04-14T17:59:15.428Z"}
{"level":"info","message":"\u001b[0mGET /.well-known/appspecific/com.chrome.devtools.json \u001b[33m404\u001b[0m 0.630 ms - 1659\u001b[0m","service":"riskguard-backend","timestamp":"2026-04-14T17:59:19.821Z"}
{"level":"info","message":"\u001b[0mGET /api/v1/projects \u001b[36m304\u001b[0m 132.839 ms - -\u001b[0m","service":"riskguard-backend","timestamp":"2026-04-14T17:59:19.974Z"}
{"level":"info","message":"\u001b[0mGET /.well-known/appspecific/com.chrome.devtools.json \u001b[33m404\u001b[0m 0.466 ms - 1659\u001b[0m","service":"riskguard-backend","timestamp":"2026-04-14T17:59:23.466Z"}
{"level":"info","message":"\u001b[0mGET /api/v1/risks \u001b[36m304\u001b[0m 196.055 ms - -\u001b[0m","service":"riskguard-backend","timestamp":"2026-04-14T17:59:23.714Z"}
{"level":"info","message":"\u001b[0mGET /.well-known/appspecific/com.chrome.devtools.json \u001b[33m404\u001b[0m 0.662 ms - 1659\u001b[0m","service":"riskguard-backend","timestamp":"2026-04-14T17:59:30.533Z"}
{"level":"info","message":"\u001b[0mGET /api/v1/risks \u001b[36m304\u001b[0m 179.394 ms - -\u001b[0m","service":"riskguard-backend","timestamp":"2026-04-14T17:59:30.763Z"}
{"level":"info","message":"\u001b[0mGET /.well-known/appspecific/com.chrome.devtools.json \u001b[33m404\u001b[0m 0.601 ms - 1659\u001b[0m","service":"riskguard-backend","timestamp":"2026-04-14T17:59:31.999Z"}
{"level":"info","message":"\u001b[0mGET /.well-known/appspecific/com.chrome.devtools.json \u001b[33m404\u001b[0m 1.163 ms - 1659\u001b[0m","service":"riskguard-backend","timestamp":"2026-04-14T17:59:33.504Z"}
{"level":"info","message":"\u001b[0mGET /api/v1/projects \u001b[36m304\u001b[0m 158.273 ms - -\u001b[0m","service":"riskguard-backend","timestamp":"2026-04-14T17:59:33.696Z"}
{"level":"info","message":"\u001b[0mPOST /api/v1/projects \u001b[32m201\u001b[0m 104.547 ms - 336\u001b[0m","service":"riskguard-backend","timestamp":"2026-04-14T17:59:49.202Z"}
{"level":"info","message":"\u001b[0mGET /api/v1/projects \u001b[32m200\u001b[0m 156.475 ms - 403\u001b[0m","service":"riskguard-backend","timestamp":"2026-04-14T17:59:49.365Z"}
{"level":"info","message":"\u001b[0mGET /api/v1/projects/69de809548cabe5a203e8eea/risks \u001b[32m200\u001b[0m 300.987 ms - 137\u001b[0m","service":"riskguard-backend","timestamp":"2026-04-14T17:59:49.672Z"}
{"level":"info","message":"\u001b[0mGET /.well-known/appspecific/com.chrome.devtools.json \u001b[33m404\u001b[0m 0.556 ms - 1659\u001b[0m","service":"riskguard-backend","timestamp":"2026-04-14T17:59:51.459Z"}
{"level":"info","message":"\u001b[0mGET /api/v1/projects/69de809548cabe5a203e8eea \u001b[32m200\u001b[0m 213.422 ms - 336\u001b[0m","service":"riskguard-backend","timestamp":"2026-04-14T17:59:51.720Z"}
{"level":"info","message":"\u001b[0mGET /api/v1/projects/69de809548cabe5a203e8eea/risks \u001b[36m304\u001b[0m 259.361 ms - -\u001b[0m","service":"riskguard-backend","timestamp":"2026-04-14T17:59:51.990Z"}
{"level":"info","message":"\u001b[0mGET /.well-known/appspecific/com.chrome.devtools.json \u001b[33m404\u001b[0m 2.432 ms - 1659\u001b[0m","service":"riskguard-backend","timestamp":"2026-04-14T18:06:40.383Z"}
{"level":"info","message":"\u001b[0mGET /api/v1/projects/69de809548cabe5a203e8eea \u001b[36m304\u001b[0m 127.866 ms - -\u001b[0m","service":"riskguard-backend","timestamp":"2026-04-14T18:06:40.563Z"}
{"level":"info","message":"\u001b[0mGET /api/v1/projects/69de809548cabe5a203e8eea/risks \u001b[36m304\u001b[0m 257.092 ms - -\u001b[0m","service":"riskguard-backend","timestamp":"2026-04-14T18:06:40.827Z"}
{"level":"info","message":"\u001b[0mGET /.well-known/appspecific/com.chrome.devtools.json \u001b[33m404\u001b[0m 0.553 ms - 1659\u001b[0m","service":"riskguard-backend","timestamp":"2026-04-14T18:06:47.181Z"}
{"level":"info","message":"\u001b[0mGET /api/v1/risks \u001b[36m304\u001b[0m 131.438 ms - -\u001b[0m","service":"riskguard-backend","timestamp":"2026-04-14T18:06:47.360Z"}
{"level":"info","message":"\u001b[0mGET /.well-known/appspecific/com.chrome.devtools.json \u001b[33m404\u001b[0m 0.942 ms - 1659\u001b[0m","service":"riskguard-backend","timestamp":"2026-04-14T18:06:50.673Z"}
{"level":"info","message":"\u001b[0mGET /api/v1/projects \u001b[36m304\u001b[0m 249.487 ms - -\u001b[0m","service":"riskguard-backend","timestamp":"2026-04-14T18:06:50.966Z"}
{"level":"info","message":"\u001b[0mGET /api/v1/projects/69de809548cabe5a203e8eea/risks \u001b[36m304\u001b[0m 194.083 ms - -\u001b[0m","service":"riskguard-backend","timestamp":"2026-04-14T18:06:51.170Z"}
{"level":"info","message":"\u001b[0mGET /.well-known/appspecific/com.chrome.devtools.json \u001b[33m404\u001b[0m 0.469 ms - 1659\u001b[0m","service":"riskguard-backend","timestamp":"2026-04-14T18:06:53.372Z"}
{"level":"info","message":"\u001b[0mGET /api/v1/projects/69de809548cabe5a203e8eea \u001b[36m304\u001b[0m 209.327 ms - -\u001b[0m","service":"riskguard-backend","timestamp":"2026-04-14T18:06:53.630Z"}
{"level":"info","message":"\u001b[0mGET /api/v1/projects/69de809548cabe5a203e8eea/risks \u001b[36m304\u001b[0m 296.173 ms - -\u001b[0m","service":"riskguard-backend","timestamp":"2026-04-14T18:06:53.935Z"}
{"level":"info","message":"\u001b[0mGET /.well-known/appspecific/com.chrome.devtools.json \u001b[33m404\u001b[0m 6.340 ms - 1659\u001b[0m","service":"riskguard-backend","timestamp":"2026-04-14T18:08:31.097Z"}
{"level":"info","message":"\u001b[0mGET /api/v1/projects/69de809548cabe5a203e8eea \u001b[36m304\u001b[0m 166.559 ms - -\u001b[0m","service":"riskguard-backend","timestamp":"2026-04-14T18:08:31.322Z"}
{"level":"info","message":"\u001b[0mGET /api/v1/projects/69de809548cabe5a203e8eea/risks \u001b[36m304\u001b[0m 273.172 ms - -\u001b[0m","service":"riskguard-backend","timestamp":"2026-04-14T18:08:31.603Z"}
{"level":"info","message":"\u001b[0mGET /.well-known/appspecific/com.chrome.devtools.json \u001b[33m404\u001b[0m 0.982 ms - 1659\u001b[0m","service":"riskguard-backend","timestamp":"2026-04-14T18:08:42.711Z"}
{"level":"info","message":"\u001b[0mGET /api/v1/projects \u001b[36m304\u001b[0m 243.231 ms - -\u001b[0m","service":"riskguard-backend","timestamp":"2026-04-14T18:08:42.997Z"}
{"level":"info","message":"\u001b[0mGET /api/v1/projects/69de809548cabe5a203e8eea/risks \u001b[36m304\u001b[0m 298.430 ms - -\u001b[0m","service":"riskguard-backend","timestamp":"2026-04-14T18:08:43.302Z"}
{"level":"info","message":"\u001b[0mGET /.well-known/appspecific/com.chrome.devtools.json \u001b[33m404\u001b[0m 15.918 ms - 1659\u001b[0m","service":"riskguard-backend","timestamp":"2026-04-14T18:08:52.523Z"}
{"level":"info","message":"\u001b[0mGET /api/v1/projects/69de809548cabe5a203e8eea \u001b[36m304\u001b[0m 146.719 ms - -\u001b[0m","service":"riskguard-backend","timestamp":"2026-04-14T18:08:52.732Z"}
{"level":"info","message":"\u001b[0mGET /api/v1/projects/69de809548cabe5a203e8eea/risks \u001b[36m304\u001b[0m 292.422 ms - -\u001b[0m","service":"riskguard-backend","timestamp":"2026-04-14T18:08:53.031Z"}
{"level":"info","message":"\u001b[0mGET /.well-known/appspecific/com.chrome.devtools.json \u001b[33m404\u001b[0m 0.655 ms - 1659\u001b[0m","service":"riskguard-backend","timestamp":"2026-04-14T18:11:12.265Z"}
{"level":"info","message":"\u001b[0mGET /api/v1/projects/69de809548cabe5a203e8eea \u001b[36m304\u001b[0m 95.110 ms - -\u001b[0m","service":"riskguard-backend","timestamp":"2026-04-14T18:11:12.402Z"}
{"level":"info","message":"\u001b[0mGET /api/v1/projects/69de809548cabe5a203e8eea/risks \u001b[36m304\u001b[0m 168.439 ms - -\u001b[0m","service":"riskguard-backend","timestamp":"2026-04-14T18:11:12.577Z"}
{"level":"info","message":"\u001b[0mPOST /api/v1/projects/69de809548cabe5a203e8eea/risks \u001b[32m201\u001b[0m 358.299 ms - 589\u001b[0m","service":"riskguard-backend","timestamp":"2026-04-14T18:11:27.261Z"}
{"level":"info","message":"\u001b[0mGET /api/v1/projects/69de809548cabe5a203e8eea/risks \u001b[32m200\u001b[0m 1005.157 ms - 802\u001b[0m","service":"riskguard-backend","timestamp":"2026-04-14T18:11:28.274Z"}
{"level":"info","message":"\u001b[0mGET /api/v1/risks \u001b[32m200\u001b[0m 232.731 ms - 727\u001b[0m","service":"riskguard-backend","timestamp":"2026-04-14T18:11:33.925Z"}
{"level":"info","message":"\u001b[0mGET /api/v1/projects \u001b[36m304\u001b[0m 163.472 ms - -\u001b[0m","service":"riskguard-backend","timestamp":"2026-04-14T18:11:38.921Z"}
{"level":"info","message":"\u001b[0mGET /api/v1/projects/69de809548cabe5a203e8eea/risks \u001b[36m304\u001b[0m 355.351 ms - -\u001b[0m","service":"riskguard-backend","timestamp":"2026-04-14T18:11:39.282Z"}
{"level":"info","message":"\u001b[0mGET /api/v1/projects/69de809548cabe5a203e8eea \u001b[36m304\u001b[0m 82.181 ms - -\u001b[0m","service":"riskguard-backend","timestamp":"2026-04-14T18:11:41.771Z"}
{"level":"info","message":"\u001b[0mGET /api/v1/projects/69de809548cabe5a203e8eea/risks \u001b[36m304\u001b[0m 380.242 ms - -\u001b[0m","service":"riskguard-backend","timestamp":"2026-04-14T18:11:42.157Z"}
{"level":"info","message":"\u001b[0mGET /api/v1/projects/69de809548cabe5a203e8eea \u001b[36m304\u001b[0m 84.386 ms - -\u001b[0m","service":"riskguard-backend","timestamp":"2026-04-14T18:11:47.452Z"}
{"level":"info","message":"\u001b[0mGET /api/v1/projects/69de809548cabe5a203e8eea/risks \u001b[36m304\u001b[0m 164.793 ms - -\u001b[0m","service":"riskguard-backend","timestamp":"2026-04-14T18:11:47.623Z"}
{"level":"info","message":"\u001b[0mGET /api/v1/risks/69de834f47e6d672532389ec \u001b[32m200\u001b[0m 161.613 ms - 727\u001b[0m","service":"riskguard-backend","timestamp":"2026-04-14T18:11:51.599Z"}
{"level":"info","message":"\u001b[0mGET /api/v1/projects/69de809548cabe5a203e8eea \u001b[36m304\u001b[0m 80.984 ms - -\u001b[0m","service":"riskguard-backend","timestamp":"2026-04-14T18:11:51.685Z"}
{"level":"info","message":"\u001b[0mGET /api/v1/risks/69de834f47e6d672532389ec/history \u001b[32m200\u001b[0m 121.949 ms - 232\u001b[0m","service":"riskguard-backend","timestamp":"2026-04-14T18:11:51.812Z"}
{"level":"info","message":"\u001b[0mGET /api/v1/risks/69de834f47e6d672532389ec \u001b[36m304\u001b[0m 278.363 ms - -\u001b[0m","service":"riskguard-backend","timestamp":"2026-04-14T18:15:17.062Z"}
{"level":"info","message":"\u001b[0mGET /api/v1/projects/69de809548cabe5a203e8eea \u001b[36m304\u001b[0m 181.881 ms - -\u001b[0m","service":"riskguard-backend","timestamp":"2026-04-14T18:15:17.249Z"}
{"level":"info","message":"\u001b[0mGET /api/v1/risks/69de834f47e6d672532389ec/history \u001b[36m304\u001b[0m 198.570 ms - -\u001b[0m","service":"riskguard-backend","timestamp":"2026-04-14T18:15:17.454Z"}
{"level":"info","message":"\u001b[0mGET /api/v1/risks \u001b[36m304\u001b[0m 275.796 ms - -\u001b[0m","service":"riskguard-backend","timestamp":"2026-04-14T18:15:51.555Z"}
{"level":"info","message":"\u001b[0mGET /api/v1/reports/csv?startDate=2026-04-14&endDate=2026-04-18 \u001b[33m404\u001b[0m 967.928 ms - 79\u001b[0m","service":"riskguard-backend","timestamp":"2026-04-14T18:16:05.723Z"}
{"level":"info","message":"\u001b[0mGET /.well-known/appspecific/com.chrome.devtools.json \u001b[33m404\u001b[0m 0.407 ms - 1659\u001b[0m","service":"riskguard-backend","timestamp":"2026-04-14T18:16:17.832Z"}
{"level":"info","message":"\u001b[0mGET /.well-known/appspecific/com.chrome.devtools.json \u001b[33m404\u001b[0m 0.860 ms - 1659\u001b[0m","service":"riskguard-backend","timestamp":"2026-04-14T18:19:12.958Z"}
{"level":"info","message":"\u001b[0mGET /.well-known/appspecific/com.chrome.devtools.json \u001b[33m404\u001b[0m 0.527 ms - 1659\u001b[0m","service":"riskguard-backend","timestamp":"2026-04-14T18:19:15.884Z"}
{"level":"info","message":"\u001b[0mGET /api/v1/risks \u001b[36m304\u001b[0m 358.128 ms - -\u001b[0m","service":"riskguard-backend","timestamp":"2026-04-14T18:19:16.309Z"}
{"level":"info","message":"\u001b[0mGET /.well-known/appspecific/com.chrome.devtools.json \u001b[33m404\u001b[0m 0.550 ms - 1659\u001b[0m","service":"riskguard-backend","timestamp":"2026-04-14T18:19:18.516Z"}
{"level":"info","message":"\u001b[0mGET /api/v1/reports/csv?startDate=2026-04-14&endDate=2026-04-18 \u001b[33m404\u001b[0m 310.546 ms - 79\u001b[0m","service":"riskguard-backend","timestamp":"2026-04-14T18:19:26.595Z"}
{"level":"info","message":"\u001b[0mGET /.well-known/appspecific/com.chrome.devtools.json \u001b[33m404\u001b[0m 0.500 ms - 1659\u001b[0m","service":"riskguard-backend","timestamp":"2026-04-14T18:20:26.163Z"}
{"level":"info","message":"\u001b[0mGET /api/v1/risks \u001b[36m304\u001b[0m 294.956 ms - -\u001b[0m","service":"riskguard-backend","timestamp":"2026-04-14T18:20:26.516Z"}
{"level":"info","message":"\u001b[0mGET /.well-known/appspecific/com.chrome.devtools.json \u001b[33m404\u001b[0m 0.593 ms - 1659\u001b[0m","service":"riskguard-backend","timestamp":"2026-04-14T18:20:37.756Z"}
{"level":"info","message":"\u001b[0mGET /api/v1/risks \u001b[36m304\u001b[0m 376.292 ms - -\u001b[0m","service":"riskguard-backend","timestamp":"2026-04-14T18:20:38.182Z"}
{"level":"info","message":"\u001b[0mGET /.well-known/appspecific/com.chrome.devtools.json \u001b[33m404\u001b[0m 0.642 ms - 1659\u001b[0m","service":"riskguard-backend","timestamp":"2026-04-14T18:20:44.326Z"}
{"level":"info","message":"\u001b[0mGET /api/v1/projects \u001b[36m304\u001b[0m 258.609 ms - -\u001b[0m","service":"riskguard-backend","timestamp":"2026-04-14T18:20:44.626Z"}
{"level":"info","message":"\u001b[0mGET /api/v1/projects/69de809548cabe5a203e8eea/risks \u001b[36m304\u001b[0m 302.889 ms - -\u001b[0m","service":"riskguard-backend","timestamp":"2026-04-14T18:20:44.934Z"}
{"level":"info","message":"\u001b[0mGET /.well-known/appspecific/com.chrome.devtools.json \u001b[33m404\u001b[0m 0.413 ms - 1659\u001b[0m","service":"riskguard-backend","timestamp":"2026-04-14T18:20:49.783Z"}
{"level":"info","message":"\u001b[0mPOST /api/v1/auth/login \u001b[32m200\u001b[0m 328.808 ms - 325\u001b[0m","service":"riskguard-backend","timestamp":"2026-04-14T18:20:58.013Z"}
{"level":"info","message":"\u001b[0mGET /.well-known/appspecific/com.chrome.devtools.json \u001b[33m404\u001b[0m 0.486 ms - 1659\u001b[0m","service":"riskguard-backend","timestamp":"2026-04-14T18:20:58.079Z"}
{"level":"info","message":"\u001b[0mGET /api/v1/projects \u001b[32m200\u001b[0m 5576.524 ms - 413\u001b[0m","service":"riskguard-backend","timestamp":"2026-04-14T18:21:03.712Z"}
{"level":"info","message":"\u001b[0mGET /api/v1/projects/69de7bcda35aa4730b3bc3a4/risks \u001b[36m304\u001b[0m 125.189 ms - -\u001b[0m","service":"riskguard-backend","timestamp":"2026-04-14T18:21:03.854Z"}
{"level":"info","message":"\u001b[0mGET /.well-known/appspecific/com.chrome.devtools.json \u001b[33m404\u001b[0m 0.498 ms - 1659\u001b[0m","service":"riskguard-backend","timestamp":"2026-04-14T18:21:08.770Z"}
{"level":"info","message":"\u001b[0mGET /api/v1/risks \u001b[32m200\u001b[0m 123.762 ms - 36\u001b[0m","service":"riskguard-backend","timestamp":"2026-04-14T18:21:08.945Z"}
{"level":"info","message":"\u001b[0mGET /.well-known/appspecific/com.chrome.devtools.json \u001b[33m404\u001b[0m 0.495 ms - 1659\u001b[0m","service":"riskguard-backend","timestamp":"2026-04-14T18:21:10.020Z"}
{"level":"info","message":"\u001b[0mGET /.well-known/appspecific/com.chrome.devtools.json \u001b[33m404\u001b[0m 0.796 ms - 1659\u001b[0m","service":"riskguard-backend","timestamp":"2026-04-14T18:21:12.237Z"}
{"level":"info","message":"\u001b[0mGET /api/v1/risks \u001b[36m304\u001b[0m 294.733 ms - -\u001b[0m","service":"riskguard-backend","timestamp":"2026-04-14T18:21:12.583Z"}
{"level":"info","message":"\u001b[0mGET /.well-known/appspecific/com.chrome.devtools.json \u001b[33m404\u001b[0m 0.595 ms - 1659\u001b[0m","service":"riskguard-backend","timestamp":"2026-04-14T18:24:38.196Z"}
{"level":"info","message":"\u001b[0mGET /api/v1/risks \u001b[36m304\u001b[0m 267.047 ms - -\u001b[0m","service":"riskguard-backend","timestamp":"2026-04-14T18:24:38.512Z"}
{"level":"info","message":"\u001b[0mGET /.well-known/appspecific/com.chrome.devtools.json \u001b[33m404\u001b[0m 0.426 ms - 1659\u001b[0m","service":"riskguard-backend","timestamp":"2026-04-14T18:24:40.625Z"}
{"level":"info","message":"\u001b[0mGET /api/v1/risks \u001b[36m304\u001b[0m 312.755 ms - -\u001b[0m","service":"riskguard-backend","timestamp":"2026-04-14T18:24:40.978Z"}
{"level":"info","message":"\u001b[0mGET /.well-known/appspecific/com.chrome.devtools.json \u001b[33m404\u001b[0m 0.806 ms - 1659\u001b[0m","service":"riskguard-backend","timestamp":"2026-04-14T18:24:43.732Z"}
{"level":"info","message":"\u001b[0mGET /.well-known/appspecific/com.chrome.devtools.json \u001b[33m404\u001b[0m 0.513 ms - 1659\u001b[0m","service":"riskguard-backend","timestamp":"2026-04-14T18:24:44.941Z"}
{"level":"info","message":"\u001b[0mGET /api/v1/reports/csv?startDate=2026-04-14&endDate=2026-04-18 \u001b[33m404\u001b[0m 295.273 ms - 79\u001b[0m","service":"riskguard-backend","timestamp":"2026-04-14T18:24:53.676Z"}
{"level":"info","message":"\u001b[0mGET /.well-known/appspecific/com.chrome.devtools.json \u001b[33m404\u001b[0m 0.590 ms - 1659\u001b[0m","service":"riskguard-backend","timestamp":"2026-04-14T18:24:57.862Z"}
{"level":"info","message":"\u001b[0mGET /api/v1/projects \u001b[36m304\u001b[0m 114.986 ms - -\u001b[0m","service":"riskguard-backend","timestamp":"2026-04-14T18:24:58.020Z"}
{"level":"info","message":"\u001b[0mGET /api/v1/projects/69de7bcda35aa4730b3bc3a4/risks \u001b[36m304\u001b[0m 239.696 ms - -\u001b[0m","service":"riskguard-backend","timestamp":"2026-04-14T18:24:58.273Z"}
{"level":"info","message":"\u001b[0mGET /.well-known/appspecific/com.chrome.devtools.json \u001b[33m404\u001b[0m 0.625 ms - 1659\u001b[0m","service":"riskguard-backend","timestamp":"2026-04-14T18:25:00.425Z"}
{"level":"info","message":"\u001b[0mGET /api/v1/projects/69de7bcda35aa4730b3bc3a4 \u001b[36m304\u001b[0m 170.971 ms - -\u001b[0m","service":"riskguard-backend","timestamp":"2026-04-14T18:25:00.638Z"}
{"level":"info","message":"\u001b[0mGET /api/v1/projects/69de7bcda35aa4730b3bc3a4/risks \u001b[36m304\u001b[0m 301.626 ms - -\u001b[0m","service":"riskguard-backend","timestamp":"2026-04-14T18:25:00.946Z"}
{"level":"info","message":"\u001b[0mPOST /api/v1/projects/69de7bcda35aa4730b3bc3a4/risks \u001b[32m201\u001b[0m 464.744 ms - 587\u001b[0m","service":"riskguard-backend","timestamp":"2026-04-14T18:25:13.645Z"}
{"level":"info","message":"\u001b[0mGET /api/v1/projects/69de7bcda35aa4730b3bc3a4/risks \u001b[32m200\u001b[0m 311.778 ms - 815\u001b[0m","service":"riskguard-backend","timestamp":"2026-04-14T18:25:13.963Z"}
{"level":"info","message":"\u001b[0mGET /.well-known/appspecific/com.chrome.devtools.json \u001b[33m404\u001b[0m 0.516 ms - 1659\u001b[0m","service":"riskguard-backend","timestamp":"2026-04-14T18:25:18.647Z"}
{"level":"info","message":"\u001b[0mGET /api/v1/risks \u001b[32m200\u001b[0m 369.138 ms - 738\u001b[0m","service":"riskguard-backend","timestamp":"2026-04-14T18:25:19.073Z"}
{"level":"info","message":"\u001b[0mGET /.well-known/appspecific/com.chrome.devtools.json \u001b[33m404\u001b[0m 0.571 ms - 1659\u001b[0m","service":"riskguard-backend","timestamp":"2026-04-14T18:25:26.589Z"}
{"level":"info","message":"\u001b[0mGET /api/v1/reports/csv?startDate=2026-04-14&endDate=2026-04-17 \u001b[33m404\u001b[0m 184.946 ms - 79\u001b[0m","service":"riskguard-backend","timestamp":"2026-04-14T18:25:39.449Z"}
{"level":"info","message":"\u001b[0mGET /api/v1/reports/csv?startDate=2026-04-14&endDate=2026-04-17 \u001b[33m404\u001b[0m 253.575 ms - 79\u001b[0m","service":"riskguard-backend","timestamp":"2026-04-14T18:25:52.197Z"}
{"level":"info","message":"\u001b[0mGET /.well-known/appspecific/com.chrome.devtools.json \u001b[33m404\u001b[0m 0.488 ms - 1659\u001b[0m","service":"riskguard-backend","timestamp":"2026-04-14T18:27:31.315Z"}
{"level":"info","message":"\u001b[0mGET /.well-known/appspecific/com.chrome.devtools.json \u001b[33m404\u001b[0m 0.514 ms - 1659\u001b[0m","service":"riskguard-backend","timestamp":"2026-04-14T18:27:35.283Z"}
{"level":"info","message":"\u001b[0mGET /.well-known/appspecific/com.chrome.devtools.json \u001b[33m404\u001b[0m 0.668 ms - 1659\u001b[0m","service":"riskguard-backend","timestamp":"2026-04-14T18:27:35.324Z"}
{"level":"info","message":"\u001b[0mGET /.well-known/appspecific/com.chrome.devtools.json \u001b[33m404\u001b[0m 0.620 ms - 1659\u001b[0m","service":"riskguard-backend","timestamp":"2026-04-14T18:27:38.112Z"}
{"level":"info","message":"\u001b[0mGET /api/v1/projects \u001b[36m304\u001b[0m 182.387 ms - -\u001b[0m","service":"riskguard-backend","timestamp":"2026-04-14T18:27:38.342Z"}
{"level":"info","message":"\u001b[0mGET /api/v1/projects/69de7bcda35aa4730b3bc3a4/risks \u001b[36m304\u001b[0m 298.488 ms - -\u001b[0m","service":"riskguard-backend","timestamp":"2026-04-14T18:27:38.648Z"}
{"level":"info","message":"\u001b[0mGET /api/v1/projects \u001b[36m304\u001b[0m 118.498 ms - -\u001b[0m","service":"riskguard-backend","timestamp":"2026-04-14T18:27:51.833Z"}
{"level":"info","message":"\u001b[0mGET /api/v1/projects/69de7bcda35aa4730b3bc3a4/risks \u001b[36m304\u001b[0m 231.394 ms - -\u001b[0m","service":"riskguard-backend","timestamp":"2026-04-14T18:27:52.070Z"}
{"level":"info","message":"\u001b[0mGET /api/v1/projects \u001b[36m304\u001b[0m 81.611 ms - -\u001b[0m","service":"riskguard-backend","timestamp":"2026-04-14T18:28:02.051Z"}
{"level":"info","message":"\u001b[0mGET /api/v1/projects/69de7bcda35aa4730b3bc3a4/risks \u001b[36m304\u001b[0m 243.220 ms - -\u001b[0m","service":"riskguard-backend","timestamp":"2026-04-14T18:28:02.301Z"}
{"level":"info","message":"\u001b[0mGET /api/v1/projects \u001b[0m-\u001b[0m - ms - -\u001b[0m","service":"riskguard-backend","timestamp":"2026-04-14T18:29:03.150Z"}
{"level":"info","message":"\u001b[0mGET /api/v1/projects \u001b[32m200\u001b[0m 92.431 ms - 413\u001b[0m","service":"riskguard-backend","timestamp":"2026-04-14T18:29:03.268Z"}
{"level":"info","message":"\u001b[0mGET /api/v1/projects \u001b[36m304\u001b[0m 80.425 ms - -\u001b[0m","service":"riskguard-backend","timestamp":"2026-04-14T18:29:03.386Z"}
{"level":"info","message":"\u001b[0mGET /api/v1/projects \u001b[0m-\u001b[0m - ms - -\u001b[0m","service":"riskguard-backend","timestamp":"2026-04-14T18:29:03.528Z"}
{"level":"info","message":"\u001b[0mGET /api/v1/projects \u001b[0m-\u001b[0m - ms - -\u001b[0m","service":"riskguard-backend","timestamp":"2026-04-14T18:29:03.654Z"}
{"level":"info","message":"\u001b[0mGET /api/v1/projects \u001b[0m-\u001b[0m - ms - -\u001b[0m","service":"riskguard-backend","timestamp":"2026-04-14T18:29:03.771Z"}
{"level":"info","message":"\u001b[0mGET /api/v1/projects \u001b[32m200\u001b[0m 145.821 ms - 413\u001b[0m","service":"riskguard-backend","timestamp":"2026-04-14T18:29:03.948Z"}
{"level":"info","message":"\u001b[0mGET /api/v1/projects/69de7bcda35aa4730b3bc3a4/risks \u001b[0m-\u001b[0m - ms - -\u001b[0m","service":"riskguard-backend","timestamp":"2026-04-14T18:29:03.985Z"}
{"level":"info","message":"\u001b[0mGET /api/v1/projects \u001b[36m304\u001b[0m 140.915 ms - -\u001b[0m","service":"riskguard-backend","timestamp":"2026-04-14T18:29:04.158Z"}
{"level":"info","message":"\u001b[0mGET /api/v1/projects/69de7bcda35aa4730b3bc3a4/risks \u001b[32m200\u001b[0m 181.813 ms - 815\u001b[0m","service":"riskguard-backend","timestamp":"2026-04-14T18:29:04.347Z"}
{"level":"info","message":"\u001b[0mGET /api/v1/projects \u001b[36m304\u001b[0m 125.556 ms - -\u001b[0m","service":"riskguard-backend","timestamp":"2026-04-14T18:30:09.119Z"}
{"level":"info","message":"\u001b[0mGET /api/v1/projects/69de7bcda35aa4730b3bc3a4/risks \u001b[36m304\u001b[0m 205.909 ms - -\u001b[0m","service":"riskguard-backend","timestamp":"2026-04-14T18:30:09.332Z"}
{"level":"info","message":"\u001b[0mGET /api/v1/risks \u001b[36m304\u001b[0m 358.278 ms - -\u001b[0m","service":"riskguard-backend","timestamp":"2026-04-14T18:30:14.198Z"}
{"level":"info","message":"\u001b[0mGET /api/v1/projects \u001b[36m304\u001b[0m 161.819 ms - -\u001b[0m","service":"riskguard-backend","timestamp":"2026-04-14T18:30:25.743Z"}
{"level":"info","message":"\u001b[0mGET /api/v1/projects/69de7bcda35aa4730b3bc3a4/risks \u001b[36m304\u001b[0m 328.125 ms - -\u001b[0m","service":"riskguard-backend","timestamp":"2026-04-14T18:30:26.078Z"}
{"level":"info","message":"\u001b[0mPOST /api/v1/projects \u001b[32m201\u001b[0m 161.009 ms - 340\u001b[0m","service":"riskguard-backend","timestamp":"2026-04-14T18:30:38.569Z"}
{"level":"info","message":"\u001b[0mGET /api/v1/projects \u001b[32m200\u001b[0m 197.538 ms - 689\u001b[0m","service":"riskguard-backend","timestamp":"2026-04-14T18:30:38.774Z"}
{"level":"info","message":"\u001b[0mGET /api/v1/projects/69de87ce47e6d67253238afa/risks \u001b[32m200\u001b[0m 305.481 ms - 137\u001b[0m","service":"riskguard-backend","timestamp":"2026-04-14T18:30:39.088Z"}
{"level":"info","message":"\u001b[0mGET /api/v1/projects/69de7bcda35aa4730b3bc3a4/risks \u001b[36m304\u001b[0m 356.522 ms - -\u001b[0m","service":"riskguard-backend","timestamp":"2026-04-14T18:30:39.142Z"}
{"level":"info","message":"\u001b[0mGET /api/v1/projects/69de87ce47e6d67253238afa \u001b[32m200\u001b[0m 82.286 ms - 340\u001b[0m","service":"riskguard-backend","timestamp":"2026-04-14T18:30:41.360Z"}
{"level":"info","message":"\u001b[0mGET /api/v1/projects/69de87ce47e6d67253238afa/risks \u001b[36m304\u001b[0m 273.356 ms - -\u001b[0m","service":"riskguard-backend","timestamp":"2026-04-14T18:30:41.640Z"}
{"level":"info","message":"\u001b[0mPOST /api/v1/projects/69de87ce47e6d67253238afa/risks \u001b[32m201\u001b[0m 430.608 ms - 598\u001b[0m","service":"riskguard-backend","timestamp":"2026-04-14T18:30:53.622Z"}
{"level":"info","message":"\u001b[0mGET /api/v1/projects/69de87ce47e6d67253238afa/risks \u001b[32m200\u001b[0m 357.913 ms - 826\u001b[0m","service":"riskguard-backend","timestamp":"2026-04-14T18:30:53.986Z"}
{"level":"info","message":"\u001b[0mGET /api/v1/projects \u001b[36m304\u001b[0m 166.145 ms - -\u001b[0m","service":"riskguard-backend","timestamp":"2026-04-14T18:30:56.897Z"}
{"level":"info","message":"\u001b[0mGET /api/v1/projects/69de7bcda35aa4730b3bc3a4/risks \u001b[36m304\u001b[0m 341.503 ms - -\u001b[0m","service":"riskguard-backend","timestamp":"2026-04-14T18:30:57.247Z"}
{"level":"info","message":"\u001b[0mGET /api/v1/projects/69de87ce47e6d67253238afa/risks \u001b[36m304\u001b[0m 812.624 ms - -\u001b[0m","service":"riskguard-backend","timestamp":"2026-04-14T18:30:57.717Z"}
{"level":"info","message":"\u001b[0mGET /api/v1/risks \u001b[32m200\u001b[0m 358.415 ms - 1453\u001b[0m","service":"riskguard-backend","timestamp":"2026-04-14T18:31:00.248Z"}
{"level":"info","message":"\u001b[0mGET /api/v1/risks \u001b[36m304\u001b[0m 310.432 ms - -\u001b[0m","service":"riskguard-backend","timestamp":"2026-04-14T18:31:14.615Z"}
{"level":"info","message":"\u001b[0mGET /api/v1/projects \u001b[36m304\u001b[0m 187.068 ms - -\u001b[0m","service":"riskguard-backend","timestamp":"2026-04-14T18:31:19.734Z"}
{"level":"info","message":"\u001b[0mGET /api/v1/projects/69de7bcda35aa4730b3bc3a4/risks \u001b[36m304\u001b[0m 320.715 ms - -\u001b[0m","service":"riskguard-backend","timestamp":"2026-04-14T18:31:20.065Z"}
{"level":"info","message":"\u001b[0mGET /api/v1/projects/69de87ce47e6d67253238afa/risks \u001b[36m304\u001b[0m 913.963 ms - -\u001b[0m","service":"riskguard-backend","timestamp":"2026-04-14T18:31:20.655Z"}
{"level":"info","message":"\u001b[0mGET /api/v1/risks \u001b[36m304\u001b[0m 449.853 ms - -\u001b[0m","service":"riskguard-backend","timestamp":"2026-04-14T18:31:25.061Z"}
{"level":"info","message":"\u001b[0mGET /api/v1/auth/profile \u001b[32m200\u001b[0m 106.985 ms - 341\u001b[0m","service":"riskguard-backend","timestamp":"2026-04-14T18:31:28.521Z"}
{"level":"info","message":"\u001b[0mGET /api/v1/auth/profile \u001b[36m304\u001b[0m 211.428 ms - -\u001b[0m","service":"riskguard-backend","timestamp":"2026-04-14T18:31:29.770Z"}
{"level":"info","message":"\u001b[0mGET /api/v1/risks \u001b[36m304\u001b[0m 402.772 ms - -\u001b[0m","service":"riskguard-backend","timestamp":"2026-04-14T18:31:32.023Z"}
{"level":"info","message":"\u001b[0mGET /api/v1/projects \u001b[36m304\u001b[0m 204.874 ms - -\u001b[0m","service":"riskguard-backend","timestamp":"2026-04-14T18:31:34.173Z"}
{"level":"info","message":"\u001b[0mGET /api/v1/projects/69de7bcda35aa4730b3bc3a4/risks \u001b[36m304\u001b[0m 363.333 ms - -\u001b[0m","service":"riskguard-backend","timestamp":"2026-04-14T18:31:34.547Z"}
{"level":"info","message":"\u001b[0mGET /api/v1/projects/69de87ce47e6d67253238afa/risks \u001b[36m304\u001b[0m 368.706 ms - -\u001b[0m","service":"riskguard-backend","timestamp":"2026-04-14T18:31:34.551Z"}
{"level":"info","message":"\u001b[0mGET /api/v1/projects/69de87ce47e6d67253238afa \u001b[36m304\u001b[0m 181.286 ms - -\u001b[0m","service":"riskguard-backend","timestamp":"2026-04-14T18:31:37.245Z"}
{"level":"info","message":"\u001b[0mGET /api/v1/projects/69de87ce47e6d67253238afa/risks \u001b[36m304\u001b[0m 403.929 ms - -\u001b[0m","service":"riskguard-backend","timestamp":"2026-04-14T18:31:37.655Z"}
{"level":"info","message":"\u001b[0mGET /api/v1/risks/69de87dd47e6d67253238b12 \u001b[32m200\u001b[0m 293.937 ms - 751\u001b[0m","service":"riskguard-backend","timestamp":"2026-04-14T18:31:39.870Z"}
{"level":"info","message":"\u001b[0mGET /api/v1/projects/69de87ce47e6d67253238afa \u001b[36m304\u001b[0m 197.859 ms - -\u001b[0m","service":"riskguard-backend","timestamp":"2026-04-14T18:31:40.075Z"}
{"level":"info","message":"\u001b[0mGET /api/v1/risks/69de87dd47e6d67253238b12/history \u001b[32m200\u001b[0m 246.636 ms - 237\u001b[0m","service":"riskguard-backend","timestamp":"2026-04-14T18:31:40.335Z"}
{"level":"info","message":"\u001b[0mPATCH /api/v1/risks/69de87dd47e6d67253238b12/status \u001b[32m200\u001b[0m 232.622 ms - 169\u001b[0m","service":"riskguard-backend","timestamp":"2026-04-14T18:31:50.306Z"}
{"level":"info","message":"\u001b[0mGET /api/v1/risks/69de87dd47e6d67253238b12/history \u001b[32m200\u001b[0m 229.679 ms - 440\u001b[0m","service":"riskguard-backend","timestamp":"2026-04-14T18:31:50.559Z"}
{"level":"info","message":"\u001b[0mGET /api/v1/risks/69de87dd47e6d67253238b12/history \u001b[36m304\u001b[0m 191.768 ms - -\u001b[0m","service":"riskguard-backend","timestamp":"2026-04-14T18:31:56.090Z"}
{"level":"info","message":"\u001b[0mGET /api/v1/risks \u001b[32m200\u001b[0m 300.031 ms - 1661\u001b[0m","service":"riskguard-backend","timestamp":"2026-04-14T18:31:59.674Z"}
{"level":"info","message":"\u001b[0mGET /api/v1/auth/profile \u001b[36m304\u001b[0m 197.121 ms - -\u001b[0m","service":"riskguard-backend","timestamp":"2026-04-14T18:32:01.005Z"}
{"level":"info","message":"\u001b[0mGET /api/v1/auth/profile \u001b[36m304\u001b[0m 184.311 ms - -\u001b[0m","service":"riskguard-backend","timestamp":"2026-04-14T18:32:23.534Z"}
{"level":"info","message":"\u001b[0mGET /api/v1/risks \u001b[36m304\u001b[0m 390.285 ms - -\u001b[0m","service":"riskguard-backend","timestamp":"2026-04-14T18:32:25.349Z"}
{"level":"info","message":"\u001b[0mGET /api/v1/projects \u001b[36m304\u001b[0m 140.589 ms - -\u001b[0m","service":"riskguard-backend","timestamp":"2026-04-14T18:32:28.449Z"}
{"level":"info","message":"\u001b[0mGET /api/v1/projects/69de87ce47e6d67253238afa/risks \u001b[32m200\u001b[0m 357.152 ms - 1034\u001b[0m","service":"riskguard-backend","timestamp":"2026-04-14T18:32:28.814Z"}
{"level":"info","message":"\u001b[0mGET /api/v1/projects/69de7bcda35aa4730b3bc3a4/risks \u001b[36m304\u001b[0m 360.129 ms - -\u001b[0m","service":"riskguard-backend","timestamp":"2026-04-14T18:32:28.819Z"}
{"level":"info","message":"\u001b[0mGET /api/v1/projects \u001b[36m304\u001b[0m 107.109 ms - -\u001b[0m","service":"riskguard-backend","timestamp":"2026-04-14T18:32:55.019Z"}
{"level":"info","message":"\u001b[0mGET /api/v1/projects/69de87ce47e6d67253238afa/risks \u001b[36m304\u001b[0m 393.567 ms - -\u001b[0m","service":"riskguard-backend","timestamp":"2026-04-14T18:32:55.423Z"}
{"level":"info","message":"\u001b[0mGET /api/v1/projects/69de7bcda35aa4730b3bc3a4/risks \u001b[36m304\u001b[0m 393.391 ms - -\u001b[0m","service":"riskguard-backend","timestamp":"2026-04-14T18:32:55.426Z"}
{"level":"info","message":"\u001b[0mGET /api/v1/risks \u001b[36m304\u001b[0m 375.101 ms - -\u001b[0m","service":"riskguard-backend","timestamp":"2026-04-14T18:32:59.067Z"}
{"level":"info","message":"\u001b[0mGET /api/v1/projects \u001b[36m304\u001b[0m 278.523 ms - -\u001b[0m","service":"riskguard-backend","timestamp":"2026-04-14T18:36:16.779Z"}
{"level":"info","message":"\u001b[0mGET /api/v1/projects/69de7bcda35aa4730b3bc3a4/risks \u001b[36m304\u001b[0m 358.751 ms - -\u001b[0m","service":"riskguard-backend","timestamp":"2026-04-14T18:36:17.148Z"}
{"level":"info","message":"\u001b[0mGET /api/v1/projects/69de87ce47e6d67253238afa/risks \u001b[36m304\u001b[0m 363.562 ms - -\u001b[0m","service":"riskguard-backend","timestamp":"2026-04-14T18:36:17.150Z"}
{"level":"info","message":"\u001b[0mGET /api/v1/projects \u001b[36m304\u001b[0m 131.283 ms - -\u001b[0m","service":"riskguard-backend","timestamp":"2026-04-14T18:40:26.969Z"}
{"level":"info","message":"\u001b[0mGET /api/v1/projects/69de7bcda35aa4730b3bc3a4/risks \u001b[36m304\u001b[0m 273.839 ms - -\u001b[0m","service":"riskguard-backend","timestamp":"2026-04-14T18:40:27.253Z"}
{"level":"info","message":"\u001b[0mGET /api/v1/projects/69de87ce47e6d67253238afa/risks \u001b[36m304\u001b[0m 279.228 ms - -\u001b[0m","service":"riskguard-backend","timestamp":"2026-04-14T18:40:27.256Z"}
{"level":"info","message":"\u001b[0mGET /api/v1/auth/profile \u001b[36m304\u001b[0m 108.400 ms - -\u001b[0m","service":"riskguard-backend","timestamp":"2026-04-14T18:40:30.769Z"}
{"level":"info","message":"\u001b[0mGET /api/v1/projects \u001b[36m304\u001b[0m 231.242 ms - -\u001b[0m","service":"riskguard-backend","timestamp":"2026-04-14T18:40:32.407Z"}
{"level":"info","message":"\u001b[0mGET /api/v1/projects/69de87ce47e6d67253238afa/risks \u001b[36m304\u001b[0m 470.816 ms - -\u001b[0m","service":"riskguard-backend","timestamp":"2026-04-14T18:40:32.887Z"}
{"level":"info","message":"\u001b[0mGET /api/v1/projects/69de7bcda35aa4730b3bc3a4/risks \u001b[36m304\u001b[0m 471.134 ms - -\u001b[0m","service":"riskguard-backend","timestamp":"2026-04-14T18:40:32.889Z"}
{"level":"info","message":"\u001b[0mGET /api/v1/risks \u001b[36m304\u001b[0m 362.012 ms - -\u001b[0m","service":"riskguard-backend","timestamp":"2026-04-14T18:40:34.217Z"}
{"level":"info","message":"\u001b[0mGET /api/v1/projects \u001b[36m304\u001b[0m 227.806 ms - -\u001b[0m","service":"riskguard-backend","timestamp":"2026-04-14T18:40:35.684Z"}
{"level":"info","message":"\u001b[0mGET /api/v1/projects/69de7bcda35aa4730b3bc3a4/risks \u001b[36m304\u001b[0m 353.990 ms - -\u001b[0m","service":"riskguard-backend","timestamp":"2026-04-14T18:40:36.046Z"}
{"level":"info","message":"\u001b[0mGET /api/v1/projects/69de87ce47e6d67253238afa/risks \u001b[36m304\u001b[0m 358.819 ms - -\u001b[0m","service":"riskguard-backend","timestamp":"2026-04-14T18:40:36.049Z"}
{"level":"info","message":"\u001b[0mGET /.well-known/appspecific/com.chrome.devtools.json \u001b[33m404\u001b[0m 0.719 ms - 1659\u001b[0m","service":"riskguard-backend","timestamp":"2026-04-14T18:40:40.693Z"}
{"level":"info","message":"\u001b[0mGET /api/v1/projects \u001b[36m304\u001b[0m 172.543 ms - -\u001b[0m","service":"riskguard-backend","timestamp":"2026-04-14T18:54:51.163Z"}
{"level":"info","message":"\u001b[0mGET /api/v1/projects/69de7bcda35aa4730b3bc3a4/risks \u001b[36m304\u001b[0m 349.216 ms - -\u001b[0m","service":"riskguard-backend","timestamp":"2026-04-14T18:54:51.522Z"}
{"level":"info","message":"\u001b[0mGET /api/v1/projects/69de87ce47e6d67253238afa/risks \u001b[36m304\u001b[0m 353.914 ms - -\u001b[0m","service":"riskguard-backend","timestamp":"2026-04-14T18:54:51.524Z"}
{"level":"info","message":"\u001b[0mGET /api/v1/risks \u001b[36m304\u001b[0m 285.381 ms - -\u001b[0m","service":"riskguard-backend","timestamp":"2026-04-14T18:54:53.927Z"}
{"level":"info","message":"\u001b[0mGET /api/v1/projects \u001b[36m304\u001b[0m 186.111 ms - -\u001b[0m","service":"riskguard-backend","timestamp":"2026-04-14T18:54:55.360Z"}
{"level":"info","message":"\u001b[0mGET /api/v1/projects/69de87ce47e6d67253238afa/risks \u001b[36m304\u001b[0m 350.867 ms - -\u001b[0m","service":"riskguard-backend","timestamp":"2026-04-14T18:54:55.718Z"}
{"level":"info","message":"\u001b[0mGET /api/v1/projects/69de7bcda35aa4730b3bc3a4/risks \u001b[36m304\u001b[0m 352.047 ms - -\u001b[0m","service":"riskguard-backend","timestamp":"2026-04-14T18:54:55.722Z"}
{"level":"info","message":"\u001b[0mGET /api/v1/risks \u001b[36m304\u001b[0m 373.007 ms - -\u001b[0m","service":"riskguard-backend","timestamp":"2026-04-14T18:54:56.999Z"}
{"level":"info","message":"\u001b[0mGET /api/v1/projects \u001b[36m304\u001b[0m 116.926 ms - -\u001b[0m","service":"riskguard-backend","timestamp":"2026-04-14T18:55:38.676Z"}
{"level":"info","message":"\u001b[0mGET /api/v1/projects/69de87ce47e6d67253238afa/risks \u001b[36m304\u001b[0m 341.029 ms - -\u001b[0m","service":"riskguard-backend","timestamp":"2026-04-14T18:55:39.025Z"}
{"level":"info","message":"\u001b[0mGET /api/v1/projects/69de7bcda35aa4730b3bc3a4/risks \u001b[36m304\u001b[0m 344.693 ms - -\u001b[0m","service":"riskguard-backend","timestamp":"2026-04-14T18:55:39.031Z"}
{"level":"info","message":"\u001b[0mGET /api/v1/auth/profile \u001b[36m304\u001b[0m 212.659 ms - -\u001b[0m","service":"riskguard-backend","timestamp":"2026-04-14T18:55:43.591Z"}
{"level":"info","message":"\u001b[0mGET /api/v1/projects \u001b[36m304\u001b[0m 86.616 ms - -\u001b[0m","service":"riskguard-backend","timestamp":"2026-04-14T18:55:45.271Z"}
{"level":"info","message":"\u001b[0mGET /api/v1/projects/69de87ce47e6d67253238afa/risks \u001b[36m304\u001b[0m 313.884 ms - -\u001b[0m","service":"riskguard-backend","timestamp":"2026-04-14T18:55:45.592Z"}
{"level":"info","message":"\u001b[0mGET /api/v1/projects/69de7bcda35aa4730b3bc3a4/risks \u001b[36m304\u001b[0m 314.887 ms - -\u001b[0m","service":"riskguard-backend","timestamp":"2026-04-14T18:55:45.595Z"}
{"level":"info","message":"\u001b[0mGET /api/v1/auth/profile \u001b[36m304\u001b[0m 197.196 ms - -\u001b[0m","service":"riskguard-backend","timestamp":"2026-04-14T19:04:35.232Z"}
{"level":"info","message":"\u001b[0mGET /api/v1/auth/profile \u001b[36m304\u001b[0m 219.464 ms - -\u001b[0m","service":"riskguard-backend","timestamp":"2026-04-14T19:04:35.453Z"}
{"level":"info","message":"\u001b[0mGET /api/v1/auth/profile \u001b[36m304\u001b[0m 260.424 ms - -\u001b[0m","service":"riskguard-backend","timestamp":"2026-04-14T19:04:39.873Z"}
{"level":"info","message":"\u001b[0mGET /api/v1/risks \u001b[36m304\u001b[0m 462.955 ms - -\u001b[0m","service":"riskguard-backend","timestamp":"2026-04-14T19:04:40.078Z"}
{"level":"info","message":"\u001b[0mGET /api/v1/auth/profile \u001b[36m304\u001b[0m 134.431 ms - -\u001b[0m","service":"riskguard-backend","timestamp":"2026-04-14T19:04:58.205Z"}
{"level":"info","message":"\u001b[0mGET /api/v1/risks \u001b[36m304\u001b[0m 335.130 ms - -\u001b[0m","service":"riskguard-backend","timestamp":"2026-04-14T19:04:58.408Z"}
{"level":"info","message":"\u001b[0mGET /api/v1/projects \u001b[36m304\u001b[0m 199.865 ms - -\u001b[0m","service":"riskguard-backend","timestamp":"2026-04-14T19:05:13.466Z"}
{"level":"info","message":"\u001b[0mGET /api/v1/auth/profile \u001b[36m304\u001b[0m 206.811 ms - -\u001b[0m","service":"riskguard-backend","timestamp":"2026-04-14T19:05:13.469Z"}
{"level":"info","message":"\u001b[0mGET /api/v1/projects/69de7bcda35aa4730b3bc3a4/risks \u001b[36m304\u001b[0m 297.630 ms - -\u001b[0m","service":"riskguard-backend","timestamp":"2026-04-14T19:05:13.774Z"}
{"level":"info","message":"\u001b[0mGET /api/v1/projects/69de87ce47e6d67253238afa/risks \u001b[36m304\u001b[0m 301.992 ms - -\u001b[0m","service":"riskguard-backend","timestamp":"2026-04-14T19:05:13.777Z"}
